<?xml version="1.0" encoding="UTF-8"?>
<!-- Generated by org.testng.reporters.JUnitReportReporter -->
<testsuite skipped="0" hostname="Indus-MBP13.local" name="com.google.qa.tests.LoginPageTest" tests="3" failures="0" timestamp="2019-09-27T20:19:53 EDT" time="10.363" errors="0">
  <testcase name="verifyLoginPageTitleTest" time="2.709" classname="com.google.qa.tests.LoginPageTest"/>
  <testcase name="verifyDisplayLogoTest" time="2.273" classname="com.google.qa.tests.LoginPageTest"/>
  <testcase name="verifySignInPageDisplayTest" time="5.381" classname="com.google.qa.tests.LoginPageTest"/>
</testsuite> <!-- com.google.qa.tests.LoginPageTest -->
